<?xml version="1.0" encoding="UTF-8"?>
<testsuite xmlns:xsi="http://www.w3.org/2001/XMLSchema-instance" xsi:noNamespaceSchemaLocation="https://maven.apache.org/surefire/maven-surefire-plugin/xsd/surefire-test-report-3.0.xsd" version="3.0" name="com.taxi.service.LayeredPushTest" time="4.946" tests="2" errors="0" skipped="0" failures="0">
  <properties>
[...]
</properties>
  <testcase name="testLayeredPushConfig" classname="com.taxi.service.LayeredPushTest" time="0.622">
    <system-out><![CDATA[02:29:10.837 [main] INFO org.springframework.test.context.support.AnnotationConfigContextLoaderUtils -- Could not detect default configuration classes for test class [com.taxi.service.LayeredPushTest]: LayeredPushTest does not declare any static, non-private, non-final, nested classes annotated with @Configuration.
02:29:10.907 [main] INFO org.springframework.boot.test.context.SpringBootTestContextBootstrapper -- Found @SpringBootConfiguration com.taxi.TaxiOperationSystemApplication for test class com.taxi.service.LayeredPushTest

  .   ____          _            __ _ _
 /\\ / ___'_ __ _ _(_)_ __  __ _ \ \ \ \
( ( )\___ | '_ | '_| | '_ \/ _` | \ \ \ \
 \\/  ___)| |_)| | | | | || (_| |  ) ) ) )
  '  |____| .__|_| |_|_| |_\__, | / / / /
 =========|_|==============|___/=/_/_/_/
 :: Spring Boot ::                (v3.2.0)

2025-08-30 02:29:11 [main] INFO  com.taxi.service.LayeredPushTest - Starting LayeredPushTest using Java 17.0.12 with PID 28452 (started by Lenovo in D:\schoolProject\databaseProject\backend)
2025-08-30 02:29:11 [main] DEBUG com.taxi.service.LayeredPushTest - Running with Spring Boot v3.2.0, Spring v6.1.1
2025-08-30 02:29:11 [main] INFO  com.taxi.service.LayeredPushTest - No active profile set, falling back to 1 default profile: "default"
2025-08-30 02:29:11 [main] INFO  o.s.d.r.config.RepositoryConfigurationDelegate - Multiple Spring Data modules found, entering strict repository configuration mode
2025-08-30 02:29:11 [main] INFO  o.s.d.r.config.RepositoryConfigurationDelegate - Bootstrapping Spring Data Redis repositories in DEFAULT mode.
2025-08-30 02:29:11 [main] INFO  o.s.d.r.config.RepositoryConfigurationDelegate - Finished Spring Data repository scanning in 11 ms. Found 0 Redis repository interfaces.
2025-08-30 02:29:13 [main] WARN  o.s.b.a.s.s.UserDetailsServiceAutoConfiguration - 

Using generated security password: 5288d663-db8f-447b-8693-cc29df6b6f95

This generated password is for development use only. Your security configuration must be updated before running your application in production.

2025-08-30 02:29:14 [main] INFO  o.s.security.web.DefaultSecurityFilterChain - Will secure any request with [org.springframework.security.web.session.DisableEncodeUrlFilter@608eb42e, org.springframework.security.web.context.request.async.WebAsyncManagerIntegrationFilter@3d2b13b1, org.springframework.security.web.context.SecurityContextHolderFilter@1c972ae6, org.springframework.security.web.header.HeaderWriterFilter@60ee7a51, org.springframework.web.filter.CorsFilter@30eb55c9, org.springframework.security.web.authentication.logout.LogoutFilter@29a1ec65, com.taxi.config.JwtAuthenticationFilter@55846997, org.springframework.security.web.savedrequest.RequestCacheAwareFilter@146fa9c0, org.springframework.security.web.servletapi.SecurityContextHolderAwareRequestFilter@49f6c25e, org.springframework.security.web.authentication.AnonymousAuthenticationFilter@2524d07a, org.springframework.security.web.session.SessionManagementFilter@2b3abeeb, org.springframework.security.web.access.ExceptionTranslationFilter@7b80af04, org.springframework.security.web.access.intercept.AuthorizationFilter@4822ab4d]
2025-08-30 02:29:14 [main] INFO  o.s.m.simp.broker.SimpleBrokerMessageHandler - Starting...
2025-08-30 02:29:14 [main] INFO  o.s.m.simp.broker.SimpleBrokerMessageHandler - BrokerAvailabilityEvent[available=true, SimpleBrokerMessageHandler [org.springframework.messaging.simp.broker.DefaultSubscriptionRegistry@51566ce0]]
2025-08-30 02:29:14 [main] INFO  o.s.m.simp.broker.SimpleBrokerMessageHandler - Started.
2025-08-30 02:29:14 [main] INFO  o.s.a.rabbit.connection.CachingConnectionFactory - Attempting to connect to: [localhost:5672]
2025-08-30 02:29:14 [main] INFO  o.s.a.rabbit.connection.CachingConnectionFactory - Created new connection: rabbitConnectionFactory#341ccfd1:0/SimpleConnection@35f35c59 [delegate=amqp://guest@127.0.0.1:5672/, localPort=61916]
2025-08-30 02:29:14 [main] INFO  com.taxi.service.LayeredPushTest - Started LayeredPushTest in 3.831 seconds (process running for 4.418)
2025-08-30 02:29:14 [main] INFO  com.taxi.config.ScheduledOrderInitializer - 系统启动，开始恢复预约单定时任务...
2025-08-30 02:29:14 [main] INFO  com.taxi.service.ScheduledOrderService - 开始恢复预约单定时任务...
=== 系统统计 ===
活跃TCP连接数: 0
时间: 2025-08-30T02:29:14.848855300
===============
2025-08-30 02:29:14 [main] INFO  com.zaxxer.hikari.HikariDataSource - HikariPool-1 - Starting...
2025-08-30 02:29:14 [main] INFO  com.zaxxer.hikari.pool.HikariPool - HikariPool-1 - Added connection com.mysql.cj.jdbc.ConnectionImpl@7a2fd94c
2025-08-30 02:29:14 [main] INFO  com.zaxxer.hikari.HikariDataSource - HikariPool-1 - Start completed.
2025-08-30 02:29:14 [main] DEBUG c.t.m.OrderMapper.selectPendingScheduledOrders - ==>  Preparing: SELECT id, order_number, passenger_id, driver_id, vehicle_id, order_type, status, pickup_address, pickup_latitude, pickup_longitude, destination_address, destination_latitude, destination_longitude, estimated_distance, estimated_duration, estimated_fare, actual_distance, actual_duration, actual_fare, service_fee, total_fare, payment_method, payment_status, scheduled_time, pickup_time, completion_time, cancel_reason, created_at, updated_at FROM orders WHERE order_type = 'RESERVATION' AND status = 'SCHEDULED' AND scheduled_time IS NOT NULL ORDER BY scheduled_time ASC
2025-08-30 02:29:14 [main] DEBUG c.t.m.OrderMapper.selectPendingScheduledOrders - ==> Parameters: 
2025-08-30 02:29:15 [main] DEBUG c.t.m.OrderMapper.selectPendingScheduledOrders - <==      Total: 0
2025-08-30 02:29:15 [main] INFO  com.taxi.service.ScheduledOrderService - 预约单定时任务恢复完成，共恢复 0 个订单
2025-08-30 02:29:15 [main] INFO  com.taxi.config.ScheduledOrderInitializer - 预约单定时任务恢复完成
]]></system-out>
  </testcase>
  <testcase name="testLayeredPushLogic" classname="com.taxi.service.LayeredPushTest" time="0.002"/>
</testsuite>